Performing C SOURCE FILE Test CMAKE_HAVE_LIBC_PTHREAD failed with the following output:
Change Dir: /home/wmz/桌面/ROS-C-/space1/src/hello_ros/cmake-build-debug/CMakeFiles/CMakeTmp

Run Build Command(s):/snap/clion/209/bin/ninja/linux/ninja cmTC_6aac1 && [1/2] Building C object CMakeFiles/cmTC_6aac1.dir/src.c.o
[2/2] Linking C executable cmTC_6aac1
FAILED: cmTC_6aac1 
: && /usr/bin/cc  -rdynamic CMakeFiles/cmTC_6aac1.dir/src.c.o -o cmTC_6aac1   && :
CMakeFiles/cmTC_6aac1.dir/src.c.o：在函数‘main’中：
src.c:(.text+0x3e)：对‘pthread_create’未定义的引用
src.c:(.text+0x4a)：对‘pthread_detach’未定义的引用
src.c:(.text+0x56)：对‘pthread_cancel’未定义的引用
src.c:(.text+0x67)：对‘pthread_join’未定义的引用
src.c:(.text+0x7b)：对‘pthread_atfork’未定义的引用
collect2: error: ld returned 1 exit status
ninja: build stopped: subcommand failed.


Source file was:
#include <pthread.h>

static void* test_func(void* data)
{
  return data;
}

int main(void)
{
  pthread_t thread;
  pthread_create(&thread, NULL, test_func, NULL);
  pthread_detach(thread);
  pthread_cancel(thread);
  pthread_join(thread, NULL);
  pthread_atfork(NULL, NULL, NULL);
  pthread_exit(NULL);

  return 0;
}

Determining if the function pthread_create exists in the pthreads failed with the following output:
Change Dir: /home/wmz/桌面/ROS-C-/space1/src/hello_ros/cmake-build-debug/CMakeFiles/CMakeTmp

Run Build Command(s):/snap/clion/209/bin/ninja/linux/ninja cmTC_8eaee && [1/2] Building C object CMakeFiles/cmTC_8eaee.dir/CheckFunctionExists.c.o
[2/2] Linking C executable cmTC_8eaee
FAILED: cmTC_8eaee 
: && /usr/bin/cc -DCHECK_FUNCTION_EXISTS=pthread_create -rdynamic CMakeFiles/cmTC_8eaee.dir/CheckFunctionExists.c.o -o cmTC_8eaee  -lpthreads && :
/usr/bin/ld: 找不到 -lpthreads
collect2: error: ld returned 1 exit status
ninja: build stopped: subcommand failed.



